# JRE version: OpenJDK Runtime Environment (11.0.13) (build 11.0.13+0-b1751.21-8125866)
# Java VM: OpenJDK 64-Bit Server VM (11.0.13+0-b1751.21-8125866, mixed mode, tiered, compressed oops, g1 gc, windows-amd64)
Heap:
 garbage-first heap   total 189440K, used 109031K [0x0000000080000000, 0x0000000100000000)
  region size 1024K, 12 young (12288K), 3 survivors (3072K)
 Metaspace       used 94633K, capacity 97128K, committed 97372K, reserved 1134592K
  class space    used 12054K, capacity 12981K, committed 13088K, reserved 1048576K
GC Heap History (20 events):
Event: 15.351 GC heap before
{Heap before GC invocations=13 (full 0):
 garbage-first heap   total 157696K, used 112190K [0x0000000080000000, 0x0000000100000000)
  region size 1024K, 61 young (62464K), 3 survivors (3072K)
 Metaspace       used 64540K, capacity 66164K, committed 66396K, reserved 1107968K
  class space    used 8078K, capacity 8678K, committed 8736K, reserved 1048576K
}
Event: 15.363 GC heap after
{Heap after GC invocations=14 (full 0):
 garbage-first heap   total 189440K, used 50973K [0x0000000080000000, 0x0000000100000000)
  region size 1024K, 7 young (7168K), 7 survivors (7168K)
 Metaspace       used 64540K, capacity 66164K, committed 66396K, reserved 1107968K
  class space    used 8078K, capacity 8678K, committed 8736K, reserved 1048576K
}
Event: 16.705 GC heap before
{Heap before GC invocations=14 (full 0):
 garbage-first heap   total 189440K, used 125725K [0x0000000080000000, 0x0000000100000000)
  region size 1024K, 79 young (80896K), 7 survivors (7168K)
 Metaspace       used 66893K, capacity 68606K, committed 68828K, reserved 1110016K
  class space    used 8412K, capacity 9031K, committed 9120K, reserved 1048576K
}
Event: 16.724 GC heap after
{Heap after GC invocations=15 (full 0):
 garbage-first heap   total 189440K, used 56028K [0x0000000080000000, 0x0000000100000000)
  region size 1024K, 5 young (5120K), 5 survivors (5120K)
 Metaspace       used 66893K, capacity 68606K, committed 68828K, reserved 1110016K
  class space    used 8412K, capacity 9031K, committed 9120K, reserved 1048576K
}
Event: 18.609 GC heap before
{Heap before GC invocations=15 (full 0):
 garbage-first heap   total 189440K, used 131804K [0x0000000080000000, 0x0000000100000000)
  region size 1024K, 79 young (80896K), 5 survivors (5120K)
 Metaspace       used 73271K, capacity 74994K, committed 75228K, reserved 1114112K
  class space    used 9407K, capacity 10019K, committed 10144K, reserved 1048576K
}
Event: 18.625 GC heap after
{Heap after GC invocations=16 (full 0):
 garbage-first heap   total 189440K, used 60354K [0x0000000080000000, 0x0000000100000000)
  region size 1024K, 10 young (10240K), 10 survivors (10240K)
 Metaspace       used 73271K, capacity 74994K, committed 75228K, reserved 1114112K
  class space    used 9407K, capacity 10019K, committed 10144K, reserved 1048576K
}
Event: 20.667 GC heap before
{Heap before GC invocations=16 (full 0):
 garbage-first heap   total 189440K, used 136130K [0x0000000080000000, 0x0000000100000000)
  region size 1024K, 84 young (86016K), 10 survivors (10240K)
 Metaspace       used 78299K, capacity 80113K, committed 80348K, reserved 1118208K
  class space    used 10145K, capacity 10833K, committed 10912K, reserved 1048576K
}
Event: 20.702 GC heap after
{Heap after GC invocations=17 (full 0):
 garbage-first heap   total 189440K, used 65535K [0x0000000080000000, 0x0000000100000000)
  region size 1024K, 10 young (10240K), 10 survivors (10240K)
 Metaspace       used 78299K, capacity 80113K, committed 80348K, reserved 1118208K
  class space    used 10145K, capacity 10833K, committed 10912K, reserved 1048576K
}
Event: 25.496 GC heap before
{Heap before GC invocations=17 (full 0):
 garbage-first heap   total 189440K, used 140287K [0x0000000080000000, 0x0000000100000000)
  region size 1024K, 84 young (86016K), 10 survivors (10240K)
 Metaspace       used 85360K, capacity 87473K, committed 87644K, reserved 1126400K
  class space    used 10978K, capacity 11756K, committed 11808K, reserved 1048576K
}
Event: 25.521 GC heap after
{Heap after GC invocations=18 (full 0):
 garbage-first heap   total 189440K, used 73411K [0x0000000080000000, 0x0000000100000000)
  region size 1024K, 11 young (11264K), 11 survivors (11264K)
 Metaspace       used 85360K, capacity 87473K, committed 87644K, reserved 1126400K
  class space    used 10978K, capacity 11756K, committed 11808K, reserved 1048576K
}
Event: 28.750 GC heap before
{Heap before GC invocations=18 (full 0):
 garbage-first heap   total 189440K, used 143043K [0x0000000080000000, 0x0000000100000000)
  region size 1024K, 80 young (81920K), 11 survivors (11264K)
 Metaspace       used 86517K, capacity 88732K, committed 88796K, reserved 1126400K
  class space    used 11070K, capacity 11902K, committed 11936K, reserved 1048576K
}
Event: 28.780 GC heap after
{Heap after GC invocations=19 (full 0):
 garbage-first heap   total 189440K, used 79134K [0x0000000080000000, 0x0000000100000000)
  region size 1024K, 6 young (6144K), 6 survivors (6144K)
 Metaspace       used 86517K, capacity 88732K, committed 88796K, reserved 1126400K
  class space    used 11070K, capacity 11902K, committed 11936K, reserved 1048576K
}
Event: 31.531 GC heap before
{Heap before GC invocations=19 (full 0):
 garbage-first heap   total 189440K, used 146718K [0x0000000080000000, 0x0000000100000000)
  region size 1024K, 73 young (74752K), 6 survivors (6144K)
 Metaspace       used 87140K, capacity 89410K, committed 89692K, reserved 1126400K
  class space    used 11111K, capacity 11952K, committed 12064K, reserved 1048576K
}
Event: 31.547 GC heap after
{Heap after GC invocations=20 (full 0):
 garbage-first heap   total 189440K, used 83180K [0x0000000080000000, 0x0000000100000000)
  region size 1024K, 10 young (10240K), 10 survivors (10240K)
 Metaspace       used 87140K, capacity 89410K, committed 89692K, reserved 1126400K
  class space    used 11111K, capacity 11952K, committed 12064K, reserved 1048576K
}
Event: 35.373 GC heap before
{Heap before GC invocations=20 (full 0):
 garbage-first heap   total 189440K, used 148716K [0x0000000080000000, 0x0000000100000000)
  region size 1024K, 75 young (76800K), 10 survivors (10240K)
 Metaspace       used 87420K, capacity 89735K, committed 89948K, reserved 1128448K
  class space    used 11148K, capacity 12006K, committed 12064K, reserved 1048576K
}
Event: 35.404 GC heap after
{Heap after GC invocations=21 (full 0):
 garbage-first heap   total 189440K, used 87373K [0x0000000080000000, 0x0000000100000000)
  region size 1024K, 10 young (10240K), 10 survivors (10240K)
 Metaspace       used 87420K, capacity 89735K, committed 89948K, reserved 1128448K
  class space    used 11148K, capacity 12006K, committed 12064K, reserved 1048576K
}
Event: 48.288 GC heap before
{Heap before GC invocations=21 (full 0):
 garbage-first heap   total 189440K, used 150861K [0x0000000080000000, 0x0000000100000000)
  region size 1024K, 73 young (74752K), 10 survivors (10240K)
 Metaspace       used 90105K, capacity 92500K, committed 92636K, reserved 1130496K
  class space    used 11516K, capacity 12415K, committed 12448K, reserved 1048576K
}
Event: 48.316 GC heap after
{Heap after GC invocations=22 (full 0):
 garbage-first heap   total 189440K, used 95829K [0x0000000080000000, 0x0000000100000000)
  region size 1024K, 10 young (10240K), 10 survivors (10240K)
 Metaspace       used 90105K, capacity 92500K, committed 92636K, reserved 1130496K
  class space    used 11516K, capacity 12415K, committed 12448K, reserved 1048576K
}
Event: 48.736 GC heap before
{Heap before GC invocations=22 (full 0):
 garbage-first heap   total 189440K, used 112213K [0x0000000080000000, 0x0000000100000000)
  region size 1024K, 28 young (28672K), 10 survivors (10240K)
 Metaspace       used 94540K, capacity 97058K, committed 97372K, reserved 1134592K
  class space    used 12051K, capacity 12979K, committed 13088K, reserved 1048576K
}
Event: 48.764 GC heap after
{Heap after GC invocations=23 (full 0):
 garbage-first heap   total 189440K, used 98791K [0x0000000080000000, 0x0000000100000000)
  region size 1024K, 3 young (3072K), 3 survivors (3072K)
 Metaspace       used 94540K, capacity 97058K, committed 97372K, reserved 1134592K
  class space    used 12051K, capacity 12979K, committed 13088K, reserved 1048576K
}

